  Error.cpp
D:\курс_2\Сем1\КПО\lab20___\Lex.h(13,3): error C2653: Log: не является именем класса или пространства имен
D:\курс_2\Сем1\КПО\lab20___\Lex.h(13,8): error C2061: синтаксическая ошибка: идентификатор "LOG"
  FST.cpp
D:\курс_2\Сем1\КПО\lab20___\Lex.h(13,3): error C2653: Log: не является именем класса или пространства имен
D:\курс_2\Сем1\КПО\lab20___\Lex.h(13,8): error C2061: синтаксическая ошибка: идентификатор "LOG"
D:\курс_2\Сем1\КПО\lab20___\FST.cpp(147,31): warning C4267: =: преобразование из "size_t" в "short"; возможна потеря данных
  In.cpp
D:\курс_2\Сем1\КПО\lab20___\Lex.h(13,3): error C2653: Log: не является именем класса или пространства имен
D:\курс_2\Сем1\КПО\lab20___\Lex.h(13,8): error C2061: синтаксическая ошибка: идентификатор "LOG"
  IT.cpp
D:\курс_2\Сем1\КПО\lab20___\Lex.h(12,3): error C2653: IT: не является именем класса или пространства имен
D:\курс_2\Сем1\КПО\lab20___\Lex.h(12,7): error C2061: синтаксическая ошибка: идентификатор "IdTable"
  Log.cpp
D:\курс_2\Сем1\КПО\lab20___\Lex.h(13,3): error C2653: Log: не является именем класса или пространства имен
D:\курс_2\Сем1\КПО\lab20___\Lex.h(13,8): error C2061: синтаксическая ошибка: идентификатор "LOG"
  LT.cpp
D:\курс_2\Сем1\КПО\lab20___\Lex.h(13,3): error C2653: Log: не является именем класса или пространства имен
D:\курс_2\Сем1\КПО\lab20___\Lex.h(13,8): error C2061: синтаксическая ошибка: идентификатор "LOG"
  Main.cpp
D:\курс_2\Сем1\КПО\lab20___\Lex.h(13,3): error C2653: Log: не является именем класса или пространства имен
D:\курс_2\Сем1\КПО\lab20___\Lex.h(13,8): error C2061: синтаксическая ошибка: идентификатор "LOG"
D:\курс_2\Сем1\КПО\lab20___\Main.cpp(22,45): error C2660: Lex::LexAnalize: функция не принимает 4 аргументов
D:\курс_2\Сем1\КПО\lab20___\Lex.h(9,7): message : см. объявление "Lex::LexAnalize"
  Out.cpp
D:\курс_2\Сем1\КПО\lab20___\Lex.h(13,3): error C2653: Log: не является именем класса или пространства имен
D:\курс_2\Сем1\КПО\lab20___\Lex.h(13,8): error C2061: синтаксическая ошибка: идентификатор "LOG"
  Parm.cpp
D:\курс_2\Сем1\КПО\lab20___\Lex.h(13,3): error C2653: Log: не является именем класса или пространства имен
D:\курс_2\Сем1\КПО\lab20___\Lex.h(13,8): error C2061: синтаксическая ошибка: идентификатор "LOG"
  Создание кода...
