d:\курс_2\сем2\кгиг\lab1\lab1\debug\lab1.pch
d:\курс_2\сем2\кгиг\lab1\lab1\debug\vc143.pdb
d:\курс_2\сем2\кгиг\lab1\lab1\debug\vc143.idb
d:\курс_2\сем2\кгиг\lab1\lab1\debug\pch.obj
d:\курс_2\сем2\кгиг\lab1\lab1\debug\myfuns.obj
d:\курс_2\сем2\кгиг\lab1\lab1\debug\mainfrm.obj
d:\курс_2\сем2\кгиг\lab1\lab1\debug\lib.obj
d:\курс_2\сем2\кгиг\lab1\lab1\debug\lab1.obj
d:\курс_2\сем2\кгиг\lab1\lab1\debug\cmatrix.obj
d:\курс_2\сем2\кгиг\lab1\lab1\debug\childview.obj
d:\курс_2\сем2\кгиг\lab1\debug\lab1.exe
d:\курс_2\сем2\кгиг\lab1\lab1\debug\lab1.ilk
d:\курс_2\сем2\кгиг\lab1\debug\lab1.pdb
d:\курс_2\сем2\кгиг\lab1\lab1\debug\lab1.res
d:\курс_2\сем2\кгиг\lab1\lab1\debug\myfuns.obj.enc
d:\курс_2\сем2\кгиг\lab1\lab1\debug\lab1.tlog\cl.command.1.tlog
d:\курс_2\сем2\кгиг\lab1\lab1\debug\lab1.tlog\cl.read.1.tlog
d:\курс_2\сем2\кгиг\lab1\lab1\debug\lab1.tlog\cl.write.1.tlog
d:\курс_2\сем2\кгиг\lab1\lab1\debug\lab1.tlog\link.command.1.tlog
d:\курс_2\сем2\кгиг\lab1\lab1\debug\lab1.tlog\link.read.1.tlog
d:\курс_2\сем2\кгиг\lab1\lab1\debug\lab1.tlog\link.write.1.tlog
d:\курс_2\сем2\кгиг\lab1\lab1\debug\lab1.tlog\rc.command.1.tlog
d:\курс_2\сем2\кгиг\lab1\lab1\debug\lab1.tlog\rc.read.1.tlog
d:\курс_2\сем2\кгиг\lab1\lab1\debug\lab1.tlog\rc.write.1.tlog
