  Analize.cpp
  Error.cpp
  FST.cpp
D:\курс_2\Сем1\КПО\lab20\Project1\FST.cpp(65,23): warning C4018: <: несоответствие типов со знаком и без знака
D:\курс_2\Сем1\КПО\lab20\Project1\FST.cpp(147,31): warning C4267: =: преобразование из "size_t" в "short"; возможна потеря данных
D:\курс_2\Сем1\КПО\lab20\Project1\FST.cpp(149,23): warning C4018: <: несоответствие типов со знаком и без знака
  IT.cpp
  In.cpp
D:\курс_2\Сем1\КПО\lab20\Project1\In.cpp(86,22): warning C4018: <: несоответствие типов со знаком и без знака
D:\курс_2\Сем1\КПО\lab20\Project1\In.cpp(110,25): warning C4018: <: несоответствие типов со знаком и без знака
D:\курс_2\Сем1\КПО\lab20\Project1\In.cpp(129,21): warning C4018: <: несоответствие типов со знаком и без знака
  LT.cpp
  Log.cpp
D:\курс_2\Сем1\КПО\lab20\Project1\Log.cpp(64,9): warning C4101: f: неиспользованная локальная переменная
  Main.cpp
  Out.cpp
  Parm.cpp
D:\курс_2\Сем1\КПО\lab20\Project1\Parm.cpp(76,22): warning C4018: <: несоответствие типов со знаком и без знака
D:\курс_2\Сем1\КПО\lab20\Project1\Parm.cpp(84,20): warning C4018: <: несоответствие типов со знаком и без знака
D:\курс_2\Сем1\КПО\lab20\Project1\Parm.cpp(92,20): warning C4018: <: несоответствие типов со знаком и без знака
  Создание кода...
  Project1.vcxproj -> D:\курс_2\Сем1\КПО\lab20\Project1\Debug\Lab20.exe
